2023-06-30 12:00:50,458 INFO o.a.j.u.JMeterUtils: Setting Locale to en_CA
2023-06-30 12:00:50,505 INFO o.a.j.JMeter: Loading user properties from: user.properties
2023-06-30 12:00:50,506 INFO o.a.j.JMeter: Loading system properties from: system.properties
2023-06-30 12:00:50,511 INFO o.a.j.JMeter: Copyright (c) 1998-2023 The Apache Software Foundation
2023-06-30 12:00:50,511 INFO o.a.j.JMeter: Version 5.6
2023-06-30 12:00:50,511 INFO o.a.j.JMeter: java.version=18.0.2.1
2023-06-30 12:00:50,512 INFO o.a.j.JMeter: java.vm.name=Java HotSpot(TM) 64-Bit Server VM
2023-06-30 12:00:50,512 INFO o.a.j.JMeter: os.name=Mac OS X
2023-06-30 12:00:50,512 INFO o.a.j.JMeter: os.arch=x86_64
2023-06-30 12:00:50,512 INFO o.a.j.JMeter: os.version=13.4.1
2023-06-30 12:00:50,512 INFO o.a.j.JMeter: file.encoding=UTF-8
2023-06-30 12:00:50,512 INFO o.a.j.JMeter: java.awt.headless=null
2023-06-30 12:00:50,512 INFO o.a.j.JMeter: Max memory     =4294967296
2023-06-30 12:00:50,512 INFO o.a.j.JMeter: Available Processors =12
2023-06-30 12:00:50,519 INFO o.a.j.JMeter: Default Locale=English (Canada)
2023-06-30 12:00:50,519 INFO o.a.j.JMeter: JMeter  Locale=English (Canada)
2023-06-30 12:00:50,519 INFO o.a.j.JMeter: JMeterHome=/Users/sreelekhakomarneni/Desktop/Selenium/Erudex/JMeter/apache-jmeter-5.6
2023-06-30 12:00:50,519 INFO o.a.j.JMeter: user.dir  =/Users/sreelekhakomarneni/Desktop/Selenium/Erudex/JMeter/apache-jmeter-5.6/bin
2023-06-30 12:00:50,520 INFO o.a.j.JMeter: PWD       =/Users/sreelekhakomarneni/Desktop/Selenium/Erudex/JMeter/apache-jmeter-5.6/bin
2023-06-30 12:00:50,521 INFO o.a.j.JMeter: IP: 127.0.0.1 Name: Sreelekhas-MacBook-Pro.local FullName: localhost
2023-06-30 12:00:50,537 INFO o.a.j.JMeter: Loaded icon properties from org/apache/jmeter/images/icon.properties
2023-06-30 12:00:53,923 INFO o.a.j.JMeterGuiLauncher: Setting LAF to: com.github.weisj.darklaf.DarkLaf:com.github.weisj.darklaf.theme.DarculaTheme
2023-06-30 12:36:32,239 INFO o.a.j.p.h.s.HTTPSamplerBase: Parser for text/html is org.apache.jmeter.protocol.http.parser.LagartoBasedHtmlParser
2023-06-30 12:36:32,265 INFO o.a.j.p.h.s.HTTPSamplerBase: Parser for application/xhtml+xml is org.apache.jmeter.protocol.http.parser.LagartoBasedHtmlParser
2023-06-30 12:36:32,265 INFO o.a.j.p.h.s.HTTPSamplerBase: Parser for application/xml is org.apache.jmeter.protocol.http.parser.LagartoBasedHtmlParser
2023-06-30 12:36:32,265 INFO o.a.j.p.h.s.HTTPSamplerBase: Parser for text/xml is org.apache.jmeter.protocol.http.parser.LagartoBasedHtmlParser
2023-06-30 12:36:32,265 INFO o.a.j.p.h.s.HTTPSamplerBase: Parser for text/vnd.wap.wml is org.apache.jmeter.protocol.http.parser.RegexpHTMLParser
2023-06-30 12:36:32,266 INFO o.a.j.p.h.s.HTTPSamplerBase: Parser for text/css is org.apache.jmeter.protocol.http.parser.CssParser
2023-06-30 13:04:17,600 INFO o.a.j.s.SampleResult: Note: Sample TimeStamps are START times
2023-06-30 13:04:17,604 INFO o.a.j.s.SampleResult: sampleresult.default.encoding is set to ISO-8859-1
2023-06-30 13:04:17,604 INFO o.a.j.s.SampleResult: sampleresult.useNanoTime=true
2023-06-30 13:04:17,604 INFO o.a.j.s.SampleResult: sampleresult.nanoThreadSleep=5000
2023-06-30 13:04:17,969 ERROR o.a.j.v.ViewResultsFullVisualizer: Exception registering implementation: [org.apache.jmeter.visualizers.RenderInBrowser] of interface: [interface org.apache.jmeter.visualizers.ResultRenderer], a jar is probably missing
java.util.ServiceConfigurationError: org.apache.jmeter.visualizers.ResultRenderer: org.apache.jmeter.visualizers.RenderInBrowser Unable to get public no-arg constructor
	at java.util.ServiceLoader.fail(ServiceLoader.java:586) ~[?:?]
	at java.util.ServiceLoader.getConstructor(ServiceLoader.java:679) ~[?:?]
	at java.util.ServiceLoader$LazyClassPathLookupIterator.hasNextService(ServiceLoader.java:1240) ~[?:?]
	at java.util.ServiceLoader$LazyClassPathLookupIterator.hasNext(ServiceLoader.java:1273) ~[?:?]
	at java.util.ServiceLoader$2.hasNext(ServiceLoader.java:1309) ~[?:?]
	at java.util.ServiceLoader$3.hasNext(ServiceLoader.java:1393) ~[?:?]
	at org.apache.jorphan.reflect.ClassFinder.loadServices(ClassFinder.java:115) ~[jorphan.jar:5.6]
	at org.apache.jmeter.util.JMeterUtils.loadServicesAndScanJars(JMeterUtils.java:345) ~[ApacheJMeter_core.jar:5.6]
	at org.apache.jmeter.visualizers.ViewResultsFullVisualizer.createComboRender(ViewResultsFullVisualizer.java:464) ~[ApacheJMeter_components.jar:5.6]
	at org.apache.jmeter.visualizers.ViewResultsFullVisualizer.createLeftPanel(ViewResultsFullVisualizer.java:438) ~[ApacheJMeter_components.jar:5.6]
	at org.apache.jmeter.visualizers.ViewResultsFullVisualizer.init(ViewResultsFullVisualizer.java:349) ~[ApacheJMeter_components.jar:5.6]
	at org.apache.jmeter.visualizers.ViewResultsFullVisualizer.<init>(ViewResultsFullVisualizer.java:156) ~[ApacheJMeter_components.jar:5.6]
	at jdk.internal.reflect.DirectConstructorHandleAccessor.newInstance(DirectConstructorHandleAccessor.java:67) ~[?:?]
	at java.lang.reflect.Constructor.newInstanceWithCaller(Constructor.java:499) ~[?:?]
	at java.lang.reflect.Constructor.newInstance(Constructor.java:483) ~[?:?]
	at org.apache.jmeter.gui.GuiPackage.getGuiFromCache(GuiPackage.java:424) ~[ApacheJMeter_core.jar:5.6]
	at org.apache.jmeter.gui.GuiPackage.createTestElement(GuiPackage.java:371) ~[ApacheJMeter_core.jar:5.6]
	at org.apache.jmeter.gui.action.AddToTree.doAction(AddToTree.java:70) ~[ApacheJMeter_core.jar:5.6]
	at org.apache.jmeter.gui.action.ActionRouter.performAction(ActionRouter.java:83) ~[ApacheJMeter_core.jar:5.6]
	at org.apache.jmeter.gui.action.ActionRouter.lambda$actionPerformed$0(ActionRouter.java:65) ~[ApacheJMeter_core.jar:5.6]
	at java.awt.event.InvocationEvent.dispatch(InvocationEvent.java:318) ~[?:?]
	at java.awt.EventQueue.dispatchEventImpl(EventQueue.java:773) ~[?:?]
	at java.awt.EventQueue$4.run(EventQueue.java:720) ~[?:?]
	at java.awt.EventQueue$4.run(EventQueue.java:714) ~[?:?]
	at java.security.AccessController.doPrivileged(AccessController.java:399) [?:?]
	at java.security.ProtectionDomain$JavaSecurityAccessImpl.doIntersectionPrivilege(ProtectionDomain.java:86) [?:?]
	at java.awt.EventQueue.dispatchEvent(EventQueue.java:742) [?:?]
	at java.awt.EventDispatchThread.pumpOneEventForFilters(EventDispatchThread.java:203) [?:?]
	at java.awt.EventDispatchThread.pumpEventsForFilter(EventDispatchThread.java:124) [?:?]
	at java.awt.EventDispatchThread.pumpEventsForHierarchy(EventDispatchThread.java:113) [?:?]
	at java.awt.EventDispatchThread.pumpEvents(EventDispatchThread.java:109) [?:?]
	at java.awt.EventDispatchThread.pumpEvents(EventDispatchThread.java:101) [?:?]
	at java.awt.EventDispatchThread.run(EventDispatchThread.java:90) [?:?]
Caused by: java.lang.NoClassDefFoundError: javafx/embed/swing/JFXPanel
	at java.lang.Class.getDeclaredConstructors0(Native Method) ~[?:?]
	at java.lang.Class.privateGetDeclaredConstructors(Class.java:3405) ~[?:?]
	at java.lang.Class.getConstructor0(Class.java:3610) ~[?:?]
	at java.lang.Class.getConstructor(Class.java:2303) ~[?:?]
	at java.util.ServiceLoader$1.run(ServiceLoader.java:666) ~[?:?]
	at java.util.ServiceLoader$1.run(ServiceLoader.java:663) ~[?:?]
	at java.security.AccessController.doPrivileged(AccessController.java:569) [?:?]
	at java.util.ServiceLoader.getConstructor(ServiceLoader.java:674) ~[?:?]
	... 31 more
Caused by: java.lang.ClassNotFoundException: javafx.embed.swing.JFXPanel
	at java.net.URLClassLoader.findClass(URLClassLoader.java:445) ~[?:?]
	at java.lang.ClassLoader.loadClass(ClassLoader.java:588) ~[?:?]
	at java.lang.ClassLoader.loadClass(ClassLoader.java:521) ~[?:?]
	at java.lang.Class.getDeclaredConstructors0(Native Method) ~[?:?]
	at java.lang.Class.privateGetDeclaredConstructors(Class.java:3405) ~[?:?]
	at java.lang.Class.getConstructor0(Class.java:3610) ~[?:?]
	at java.lang.Class.getConstructor(Class.java:2303) ~[?:?]
	at java.util.ServiceLoader$1.run(ServiceLoader.java:666) ~[?:?]
	at java.util.ServiceLoader$1.run(ServiceLoader.java:663) ~[?:?]
	at java.security.AccessController.doPrivileged(AccessController.java:569) ~[?:?]
	at java.util.ServiceLoader.getConstructor(ServiceLoader.java:674) ~[?:?]
	... 31 more
2023-06-30 13:05:31,102 INFO o.a.j.s.FileServer: Default base='/Users/sreelekhakomarneni/Desktop/Selenium/Erudex/JMeter/apache-jmeter-5.6/bin'
2023-06-30 13:05:31,104 INFO o.a.j.s.FileServer: Set new base='/Users/sreelekhakomarneni/Desktop/Selenium/Erudex/JMeter/Test'
2023-06-30 13:05:31,421 INFO o.a.j.s.SaveService: Testplan (JMX) version: 2.2. Testlog (JTL) version: 2.2
2023-06-30 13:05:31,437 INFO o.a.j.s.SaveService: Using SaveService properties version 5.0
2023-06-30 13:05:31,439 INFO o.a.j.s.SaveService: Using SaveService properties file encoding UTF-8
2023-06-30 13:05:31,489 INFO o.a.j.e.StandardJMeterEngine: Running the test!
2023-06-30 13:05:31,491 INFO o.a.j.s.SampleEvent: List of sample_variables: []
2023-06-30 13:05:31,491 INFO o.a.j.s.SampleEvent: List of sample_variables: []
2023-06-30 13:05:31,496 INFO o.a.j.e.u.CompoundVariable: Note: Function class names must contain the string: '.functions.'
2023-06-30 13:05:31,496 INFO o.a.j.e.u.CompoundVariable: Note: Function class names must not contain the string: '.gui.'
2023-06-30 13:05:31,582 INFO o.a.j.g.u.JMeterMenuBar: setRunning(true, *local*)
2023-06-30 13:05:31,732 INFO o.a.j.e.StandardJMeterEngine: Starting ThreadGroup: 1 : Thread Group- Erudex Validate User
2023-06-30 13:05:31,732 INFO o.a.j.e.StandardJMeterEngine: Starting 1 threads for group Thread Group- Erudex Validate User.
2023-06-30 13:05:31,733 INFO o.a.j.e.StandardJMeterEngine: Thread will continue on error
2023-06-30 13:05:31,733 INFO o.a.j.t.ThreadGroup: Starting thread group... number=1 threads=1 ramp-up=1 delayedStart=false
2023-06-30 13:05:31,736 INFO o.a.j.t.ThreadGroup: Started thread group number 1
2023-06-30 13:05:31,737 INFO o.a.j.e.StandardJMeterEngine: All thread groups have been started
2023-06-30 13:05:31,742 INFO o.a.j.t.JMeterThread: Thread started: Thread Group- Erudex Validate User 1-1
2023-06-30 13:05:31,746 INFO o.a.j.s.FileServer: Stored: /Users/sreelekhakomarneni/Desktop/Selenium/TestData/indus_users_iit.csv
2023-06-30 13:05:31,804 INFO o.a.j.p.h.s.HTTPHCAbstractImpl: Local host = Sreelekhas-MacBook-Pro.local
2023-06-30 13:05:31,815 INFO o.a.j.p.h.s.HTTPHC4Impl: HTTP request retry count = 0
2023-06-30 13:05:32,191 INFO o.a.j.p.h.s.h.LazyLayeredConnectionSocketFactory: Setting up HTTPS TrustAll Socket Factory
2023-06-30 13:05:32,196 INFO o.a.j.u.JsseSSLManager: Using default SSL protocol: TLS
2023-06-30 13:05:32,196 INFO o.a.j.u.JsseSSLManager: SSL session context: per-thread
2023-06-30 13:05:32,420 INFO o.a.j.u.SSLManager: JmeterKeyStore Location:  type JKS
2023-06-30 13:05:32,425 INFO o.a.j.u.SSLManager: KeyStore created OK
2023-06-30 13:05:32,425 WARN o.a.j.u.SSLManager: Keystore file not found, loading empty keystore
2023-06-30 13:05:32,976 WARN o.a.j.e.HtmlExtractor: Username CSS: Error while generating result. org.jsoup.helper.ValidationException: String must not be empty
2023-06-30 13:05:32,977 INFO o.a.j.t.JMeterThread: Thread is done: Thread Group- Erudex Validate User 1-1
2023-06-30 13:05:32,977 INFO o.a.j.t.JMeterThread: Thread finished: Thread Group- Erudex Validate User 1-1
2023-06-30 13:05:32,986 INFO o.a.j.e.StandardJMeterEngine: Notifying test listeners of end of test
2023-06-30 13:05:32,986 INFO o.a.j.s.FileServer: Close: /Users/sreelekhakomarneni/Desktop/Selenium/TestData/indus_users_iit.csv
2023-06-30 13:05:32,988 INFO o.a.j.g.u.JMeterMenuBar: setRunning(false, *local*)
2023-06-30 13:05:34,649 INFO o.a.j.e.StandardJMeterEngine: Running the test!
2023-06-30 13:05:34,650 INFO o.a.j.s.SampleEvent: List of sample_variables: []
2023-06-30 13:05:34,650 INFO o.a.j.g.u.JMeterMenuBar: setRunning(true, *local*)
2023-06-30 13:05:34,708 INFO o.a.j.e.StandardJMeterEngine: Starting ThreadGroup: 1 : Thread Group- Erudex Validate User
2023-06-30 13:05:34,708 INFO o.a.j.e.StandardJMeterEngine: Starting 1 threads for group Thread Group- Erudex Validate User.
2023-06-30 13:05:34,708 INFO o.a.j.e.StandardJMeterEngine: Thread will continue on error
2023-06-30 13:05:34,708 INFO o.a.j.t.ThreadGroup: Starting thread group... number=1 threads=1 ramp-up=1 delayedStart=false
2023-06-30 13:05:34,709 INFO o.a.j.t.ThreadGroup: Started thread group number 1
2023-06-30 13:05:34,709 INFO o.a.j.e.StandardJMeterEngine: All thread groups have been started
2023-06-30 13:05:34,709 INFO o.a.j.t.JMeterThread: Thread started: Thread Group- Erudex Validate User 1-1
2023-06-30 13:05:34,710 INFO o.a.j.s.FileServer: Stored: /Users/sreelekhakomarneni/Desktop/Selenium/TestData/indus_users_iit.csv
2023-06-30 13:05:34,981 WARN o.a.j.e.HtmlExtractor: Username CSS: Error while generating result. org.jsoup.helper.ValidationException: String must not be empty
2023-06-30 13:05:34,982 INFO o.a.j.t.JMeterThread: Thread is done: Thread Group- Erudex Validate User 1-1
2023-06-30 13:05:34,982 INFO o.a.j.t.JMeterThread: Thread finished: Thread Group- Erudex Validate User 1-1
2023-06-30 13:05:34,983 INFO o.a.j.e.StandardJMeterEngine: Notifying test listeners of end of test
2023-06-30 13:05:34,983 INFO o.a.j.s.FileServer: Close: /Users/sreelekhakomarneni/Desktop/Selenium/TestData/indus_users_iit.csv
2023-06-30 13:05:34,983 INFO o.a.j.g.u.JMeterMenuBar: setRunning(false, *local*)
2023-06-30 13:05:56,220 INFO o.a.j.e.StandardJMeterEngine: Running the test!
2023-06-30 13:05:56,221 INFO o.a.j.s.SampleEvent: List of sample_variables: []
2023-06-30 13:05:56,222 INFO o.a.j.g.u.JMeterMenuBar: setRunning(true, *local*)
2023-06-30 13:05:56,303 INFO o.a.j.e.StandardJMeterEngine: Starting ThreadGroup: 1 : Thread Group- Erudex Validate User
2023-06-30 13:05:56,303 INFO o.a.j.e.StandardJMeterEngine: Starting 1 threads for group Thread Group- Erudex Validate User.
2023-06-30 13:05:56,303 INFO o.a.j.e.StandardJMeterEngine: Thread will continue on error
2023-06-30 13:05:56,303 INFO o.a.j.t.ThreadGroup: Starting thread group... number=1 threads=1 ramp-up=1 delayedStart=false
2023-06-30 13:05:56,304 INFO o.a.j.t.ThreadGroup: Started thread group number 1
2023-06-30 13:05:56,304 INFO o.a.j.e.StandardJMeterEngine: All thread groups have been started
2023-06-30 13:05:56,304 INFO o.a.j.t.JMeterThread: Thread started: Thread Group- Erudex Validate User 1-1
2023-06-30 13:05:56,305 INFO o.a.j.s.FileServer: Stored: /Users/sreelekhakomarneni/Desktop/Selenium/TestData/indus_users_iit.csv
2023-06-30 13:05:56,412 WARN o.a.j.e.HtmlExtractor: Username CSS: Error while generating result. org.jsoup.helper.ValidationException: String must not be empty
2023-06-30 13:05:56,413 INFO o.a.j.t.JMeterThread: Thread is done: Thread Group- Erudex Validate User 1-1
2023-06-30 13:05:56,413 INFO o.a.j.t.JMeterThread: Thread finished: Thread Group- Erudex Validate User 1-1
2023-06-30 13:05:56,413 INFO o.a.j.e.StandardJMeterEngine: Notifying test listeners of end of test
2023-06-30 13:05:56,414 INFO o.a.j.s.FileServer: Close: /Users/sreelekhakomarneni/Desktop/Selenium/TestData/indus_users_iit.csv
2023-06-30 13:05:56,414 INFO o.a.j.g.u.JMeterMenuBar: setRunning(false, *local*)
2023-06-30 13:05:58,956 INFO o.a.j.e.StandardJMeterEngine: Running the test!
2023-06-30 13:05:58,956 INFO o.a.j.s.SampleEvent: List of sample_variables: []
2023-06-30 13:05:58,957 INFO o.a.j.g.u.JMeterMenuBar: setRunning(true, *local*)
2023-06-30 13:05:59,018 INFO o.a.j.e.StandardJMeterEngine: Starting ThreadGroup: 1 : Thread Group- Erudex Validate User
2023-06-30 13:05:59,018 INFO o.a.j.e.StandardJMeterEngine: Starting 1 threads for group Thread Group- Erudex Validate User.
2023-06-30 13:05:59,019 INFO o.a.j.e.StandardJMeterEngine: Thread will continue on error
2023-06-30 13:05:59,019 INFO o.a.j.t.ThreadGroup: Starting thread group... number=1 threads=1 ramp-up=1 delayedStart=false
2023-06-30 13:05:59,019 INFO o.a.j.t.ThreadGroup: Started thread group number 1
2023-06-30 13:05:59,019 INFO o.a.j.e.StandardJMeterEngine: All thread groups have been started
2023-06-30 13:05:59,019 INFO o.a.j.t.JMeterThread: Thread started: Thread Group- Erudex Validate User 1-1
2023-06-30 13:05:59,020 INFO o.a.j.s.FileServer: Stored: /Users/sreelekhakomarneni/Desktop/Selenium/TestData/indus_users_iit.csv
2023-06-30 13:05:59,269 WARN o.a.j.e.HtmlExtractor: Username CSS: Error while generating result. org.jsoup.helper.ValidationException: String must not be empty
2023-06-30 13:05:59,269 INFO o.a.j.t.JMeterThread: Thread is done: Thread Group- Erudex Validate User 1-1
2023-06-30 13:05:59,269 INFO o.a.j.t.JMeterThread: Thread finished: Thread Group- Erudex Validate User 1-1
2023-06-30 13:05:59,270 INFO o.a.j.e.StandardJMeterEngine: Notifying test listeners of end of test
2023-06-30 13:05:59,270 INFO o.a.j.s.FileServer: Close: /Users/sreelekhakomarneni/Desktop/Selenium/TestData/indus_users_iit.csv
2023-06-30 13:05:59,270 INFO o.a.j.g.u.JMeterMenuBar: setRunning(false, *local*)
2023-06-30 13:06:48,312 INFO o.a.j.e.StandardJMeterEngine: Running the test!
2023-06-30 13:06:48,313 INFO o.a.j.s.SampleEvent: List of sample_variables: []
2023-06-30 13:06:48,315 INFO o.a.j.g.u.JMeterMenuBar: setRunning(true, *local*)
2023-06-30 13:06:48,401 INFO o.a.j.e.StandardJMeterEngine: Starting ThreadGroup: 1 : Thread Group- Erudex Validate User
2023-06-30 13:06:48,401 INFO o.a.j.e.StandardJMeterEngine: Starting 1 threads for group Thread Group- Erudex Validate User.
2023-06-30 13:06:48,401 INFO o.a.j.e.StandardJMeterEngine: Thread will continue on error
2023-06-30 13:06:48,401 INFO o.a.j.t.ThreadGroup: Starting thread group... number=1 threads=1 ramp-up=1 delayedStart=false
2023-06-30 13:06:48,402 INFO o.a.j.t.ThreadGroup: Started thread group number 1
2023-06-30 13:06:48,402 INFO o.a.j.e.StandardJMeterEngine: All thread groups have been started
2023-06-30 13:06:48,402 INFO o.a.j.t.JMeterThread: Thread started: Thread Group- Erudex Validate User 1-1
2023-06-30 13:06:48,404 INFO o.a.j.s.FileServer: Stored: /Users/sreelekhakomarneni/Desktop/Selenium/TestData/indus_users_iit.csv
2023-06-30 13:06:48,667 WARN o.a.j.e.HtmlExtractor: Username CSS: Error while generating result. org.jsoup.helper.ValidationException: String must not be empty
2023-06-30 13:06:48,668 INFO o.a.j.t.JMeterThread: Thread is done: Thread Group- Erudex Validate User 1-1
2023-06-30 13:06:48,668 INFO o.a.j.t.JMeterThread: Thread finished: Thread Group- Erudex Validate User 1-1
2023-06-30 13:06:48,669 INFO o.a.j.e.StandardJMeterEngine: Notifying test listeners of end of test
2023-06-30 13:06:48,679 INFO o.a.j.s.FileServer: Close: /Users/sreelekhakomarneni/Desktop/Selenium/TestData/indus_users_iit.csv
2023-06-30 13:06:48,679 INFO o.a.j.g.u.JMeterMenuBar: setRunning(false, *local*)
2023-06-30 13:06:50,108 INFO o.a.j.e.StandardJMeterEngine: Running the test!
2023-06-30 13:06:50,109 INFO o.a.j.s.SampleEvent: List of sample_variables: []
2023-06-30 13:06:50,110 INFO o.a.j.g.u.JMeterMenuBar: setRunning(true, *local*)
2023-06-30 13:06:50,196 INFO o.a.j.e.StandardJMeterEngine: Starting ThreadGroup: 1 : Thread Group- Erudex Validate User
2023-06-30 13:06:50,197 INFO o.a.j.e.StandardJMeterEngine: Starting 1 threads for group Thread Group- Erudex Validate User.
2023-06-30 13:06:50,197 INFO o.a.j.e.StandardJMeterEngine: Thread will continue on error
2023-06-30 13:06:50,197 INFO o.a.j.t.ThreadGroup: Starting thread group... number=1 threads=1 ramp-up=1 delayedStart=false
2023-06-30 13:06:50,198 INFO o.a.j.t.ThreadGroup: Started thread group number 1
2023-06-30 13:06:50,198 INFO o.a.j.e.StandardJMeterEngine: All thread groups have been started
2023-06-30 13:06:50,198 INFO o.a.j.t.JMeterThread: Thread started: Thread Group- Erudex Validate User 1-1
2023-06-30 13:06:50,199 INFO o.a.j.s.FileServer: Stored: /Users/sreelekhakomarneni/Desktop/Selenium/TestData/indus_users_iit.csv
2023-06-30 13:06:50,477 WARN o.a.j.e.HtmlExtractor: Username CSS: Error while generating result. org.jsoup.helper.ValidationException: String must not be empty
2023-06-30 13:06:50,477 INFO o.a.j.t.JMeterThread: Thread is done: Thread Group- Erudex Validate User 1-1
2023-06-30 13:06:50,477 INFO o.a.j.t.JMeterThread: Thread finished: Thread Group- Erudex Validate User 1-1
2023-06-30 13:06:50,488 INFO o.a.j.e.StandardJMeterEngine: Notifying test listeners of end of test
2023-06-30 13:06:50,489 INFO o.a.j.s.FileServer: Close: /Users/sreelekhakomarneni/Desktop/Selenium/TestData/indus_users_iit.csv
2023-06-30 13:06:50,489 INFO o.a.j.g.u.JMeterMenuBar: setRunning(false, *local*)
2023-06-30 13:07:08,426 INFO o.a.j.e.StandardJMeterEngine: Running the test!
2023-06-30 13:07:08,427 INFO o.a.j.s.SampleEvent: List of sample_variables: []
2023-06-30 13:07:08,428 INFO o.a.j.g.u.JMeterMenuBar: setRunning(true, *local*)
2023-06-30 13:07:08,492 INFO o.a.j.e.StandardJMeterEngine: Starting ThreadGroup: 1 : Thread Group- Erudex Validate User
2023-06-30 13:07:08,492 INFO o.a.j.e.StandardJMeterEngine: Starting 1 threads for group Thread Group- Erudex Validate User.
2023-06-30 13:07:08,493 INFO o.a.j.e.StandardJMeterEngine: Thread will continue on error
2023-06-30 13:07:08,493 INFO o.a.j.t.ThreadGroup: Starting thread group... number=1 threads=1 ramp-up=1 delayedStart=false
2023-06-30 13:07:08,493 INFO o.a.j.t.ThreadGroup: Started thread group number 1
2023-06-30 13:07:08,493 INFO o.a.j.e.StandardJMeterEngine: All thread groups have been started
2023-06-30 13:07:08,494 INFO o.a.j.t.JMeterThread: Thread started: Thread Group- Erudex Validate User 1-1
2023-06-30 13:07:08,494 INFO o.a.j.s.FileServer: Stored: /Users/sreelekhakomarneni/Desktop/Selenium/TestData/indus_users_iit.csv
2023-06-30 13:07:08,745 WARN o.a.j.e.HtmlExtractor: Username CSS: Error while generating result. org.jsoup.helper.ValidationException: String must not be empty
2023-06-30 13:07:08,745 INFO o.a.j.t.JMeterThread: Thread is done: Thread Group- Erudex Validate User 1-1
2023-06-30 13:07:08,745 INFO o.a.j.t.JMeterThread: Thread finished: Thread Group- Erudex Validate User 1-1
2023-06-30 13:07:08,746 INFO o.a.j.e.StandardJMeterEngine: Notifying test listeners of end of test
2023-06-30 13:07:08,746 INFO o.a.j.s.FileServer: Close: /Users/sreelekhakomarneni/Desktop/Selenium/TestData/indus_users_iit.csv
2023-06-30 13:07:08,746 INFO o.a.j.g.u.JMeterMenuBar: setRunning(false, *local*)
2023-06-30 13:11:31,535 INFO o.a.j.e.StandardJMeterEngine: Running the test!
2023-06-30 13:11:31,536 INFO o.a.j.s.SampleEvent: List of sample_variables: []
2023-06-30 13:11:31,536 INFO o.a.j.g.u.JMeterMenuBar: setRunning(true, *local*)
2023-06-30 13:11:31,585 INFO o.a.j.e.StandardJMeterEngine: Starting ThreadGroup: 1 : Thread Group- Erudex Validate User
2023-06-30 13:11:31,585 INFO o.a.j.e.StandardJMeterEngine: Starting 1 threads for group Thread Group- Erudex Validate User.
2023-06-30 13:11:31,585 INFO o.a.j.e.StandardJMeterEngine: Thread will continue on error
2023-06-30 13:11:31,586 INFO o.a.j.t.ThreadGroup: Starting thread group... number=1 threads=1 ramp-up=1 delayedStart=false
2023-06-30 13:11:31,586 INFO o.a.j.t.ThreadGroup: Started thread group number 1
2023-06-30 13:11:31,586 INFO o.a.j.e.StandardJMeterEngine: All thread groups have been started
2023-06-30 13:11:31,586 INFO o.a.j.t.JMeterThread: Thread started: Thread Group- Erudex Validate User 1-1
2023-06-30 13:11:31,587 INFO o.a.j.s.FileServer: Stored: /Users/sreelekhakomarneni/Desktop/Selenium/TestData/indus_users_iit.csv
2023-06-30 13:11:31,953 INFO o.a.j.t.JMeterThread: Thread is done: Thread Group- Erudex Validate User 1-1
2023-06-30 13:11:31,954 INFO o.a.j.t.JMeterThread: Thread finished: Thread Group- Erudex Validate User 1-1
2023-06-30 13:11:31,954 INFO o.a.j.e.StandardJMeterEngine: Notifying test listeners of end of test
2023-06-30 13:11:31,954 INFO o.a.j.s.FileServer: Close: /Users/sreelekhakomarneni/Desktop/Selenium/TestData/indus_users_iit.csv
2023-06-30 13:11:31,955 INFO o.a.j.g.u.JMeterMenuBar: setRunning(false, *local*)
2023-06-30 13:20:05,218 ERROR o.a.j.v.ViewResultsFullVisualizer: Exception registering implementation: [org.apache.jmeter.visualizers.RenderInBrowser] of interface: [interface org.apache.jmeter.visualizers.ResultRenderer], a jar is probably missing
java.util.ServiceConfigurationError: org.apache.jmeter.visualizers.ResultRenderer: org.apache.jmeter.visualizers.RenderInBrowser Unable to get public no-arg constructor
	at java.util.ServiceLoader.fail(ServiceLoader.java:586) ~[?:?]
	at java.util.ServiceLoader.getConstructor(ServiceLoader.java:679) ~[?:?]
	at java.util.ServiceLoader$LazyClassPathLookupIterator.hasNextService(ServiceLoader.java:1240) ~[?:?]
	at java.util.ServiceLoader$LazyClassPathLookupIterator.hasNext(ServiceLoader.java:1273) ~[?:?]
	at java.util.ServiceLoader$2.hasNext(ServiceLoader.java:1309) ~[?:?]
	at java.util.ServiceLoader$3.hasNext(ServiceLoader.java:1393) ~[?:?]
	at org.apache.jorphan.reflect.ClassFinder.loadServices(ClassFinder.java:115) ~[jorphan.jar:5.6]
	at org.apache.jmeter.util.JMeterUtils.loadServicesAndScanJars(JMeterUtils.java:345) ~[ApacheJMeter_core.jar:5.6]
	at org.apache.jmeter.visualizers.ViewResultsFullVisualizer.createComboRender(ViewResultsFullVisualizer.java:464) ~[ApacheJMeter_components.jar:5.6]
	at org.apache.jmeter.visualizers.ViewResultsFullVisualizer.createLeftPanel(ViewResultsFullVisualizer.java:438) ~[ApacheJMeter_components.jar:5.6]
	at org.apache.jmeter.visualizers.ViewResultsFullVisualizer.init(ViewResultsFullVisualizer.java:349) ~[ApacheJMeter_components.jar:5.6]
	at org.apache.jmeter.visualizers.ViewResultsFullVisualizer.<init>(ViewResultsFullVisualizer.java:156) ~[ApacheJMeter_components.jar:5.6]
	at jdk.internal.reflect.DirectConstructorHandleAccessor.newInstance(DirectConstructorHandleAccessor.java:67) ~[?:?]
	at java.lang.reflect.Constructor.newInstanceWithCaller(Constructor.java:499) ~[?:?]
	at java.lang.reflect.Constructor.newInstance(Constructor.java:483) ~[?:?]
	at org.apache.jmeter.gui.GuiPackage.getGuiFromCache(GuiPackage.java:424) ~[ApacheJMeter_core.jar:5.6]
	at org.apache.jmeter.gui.GuiPackage.createTestElement(GuiPackage.java:371) ~[ApacheJMeter_core.jar:5.6]
	at org.apache.jmeter.gui.action.AddToTree.doAction(AddToTree.java:70) ~[ApacheJMeter_core.jar:5.6]
	at org.apache.jmeter.gui.action.ActionRouter.performAction(ActionRouter.java:83) ~[ApacheJMeter_core.jar:5.6]
	at org.apache.jmeter.gui.action.ActionRouter.lambda$actionPerformed$0(ActionRouter.java:65) ~[ApacheJMeter_core.jar:5.6]
	at java.awt.event.InvocationEvent.dispatch(InvocationEvent.java:318) ~[?:?]
	at java.awt.EventQueue.dispatchEventImpl(EventQueue.java:773) ~[?:?]
	at java.awt.EventQueue$4.run(EventQueue.java:720) ~[?:?]
	at java.awt.EventQueue$4.run(EventQueue.java:714) ~[?:?]
	at java.security.AccessController.doPrivileged(AccessController.java:399) [?:?]
	at java.security.ProtectionDomain$JavaSecurityAccessImpl.doIntersectionPrivilege(ProtectionDomain.java:86) [?:?]
	at java.awt.EventQueue.dispatchEvent(EventQueue.java:742) [?:?]
	at java.awt.EventDispatchThread.pumpOneEventForFilters(EventDispatchThread.java:203) [?:?]
	at java.awt.EventDispatchThread.pumpEventsForFilter(EventDispatchThread.java:124) [?:?]
	at java.awt.EventDispatchThread.pumpEventsForHierarchy(EventDispatchThread.java:113) [?:?]
	at java.awt.EventDispatchThread.pumpEvents(EventDispatchThread.java:109) [?:?]
	at java.awt.EventDispatchThread.pumpEvents(EventDispatchThread.java:101) [?:?]
	at java.awt.EventDispatchThread.run(EventDispatchThread.java:90) [?:?]
Caused by: java.lang.NoClassDefFoundError: javafx/embed/swing/JFXPanel
	at java.lang.Class.getDeclaredConstructors0(Native Method) ~[?:?]
	at java.lang.Class.privateGetDeclaredConstructors(Class.java:3405) ~[?:?]
	at java.lang.Class.getConstructor0(Class.java:3610) ~[?:?]
	at java.lang.Class.getConstructor(Class.java:2303) ~[?:?]
	at java.util.ServiceLoader$1.run(ServiceLoader.java:666) ~[?:?]
	at java.util.ServiceLoader$1.run(ServiceLoader.java:663) ~[?:?]
	at java.security.AccessController.doPrivileged(AccessController.java:569) [?:?]
	at java.util.ServiceLoader.getConstructor(ServiceLoader.java:674) ~[?:?]
	... 31 more
Caused by: java.lang.ClassNotFoundException: javafx.embed.swing.JFXPanel
	at java.net.URLClassLoader.findClass(URLClassLoader.java:445) ~[?:?]
	at java.lang.ClassLoader.loadClass(ClassLoader.java:588) ~[?:?]
	at java.lang.ClassLoader.loadClass(ClassLoader.java:521) ~[?:?]
	at java.lang.Class.getDeclaredConstructors0(Native Method) ~[?:?]
	at java.lang.Class.privateGetDeclaredConstructors(Class.java:3405) ~[?:?]
	at java.lang.Class.getConstructor0(Class.java:3610) ~[?:?]
	at java.lang.Class.getConstructor(Class.java:2303) ~[?:?]
	at java.util.ServiceLoader$1.run(ServiceLoader.java:666) ~[?:?]
	at java.util.ServiceLoader$1.run(ServiceLoader.java:663) ~[?:?]
	at java.security.AccessController.doPrivileged(AccessController.java:569) ~[?:?]
	at java.util.ServiceLoader.getConstructor(ServiceLoader.java:674) ~[?:?]
	... 31 more
2023-06-30 13:20:11,369 INFO o.a.j.e.StandardJMeterEngine: Running the test!
2023-06-30 13:20:11,371 INFO o.a.j.s.SampleEvent: List of sample_variables: []
2023-06-30 13:20:11,372 INFO o.a.j.g.u.JMeterMenuBar: setRunning(true, *local*)
2023-06-30 13:20:11,485 INFO o.a.j.e.StandardJMeterEngine: Starting ThreadGroup: 1 : Thread Group- Erudex Validate User
2023-06-30 13:20:11,485 INFO o.a.j.e.StandardJMeterEngine: Starting 1 threads for group Thread Group- Erudex Validate User.
2023-06-30 13:20:11,485 INFO o.a.j.e.StandardJMeterEngine: Thread will continue on error
2023-06-30 13:20:11,485 INFO o.a.j.t.ThreadGroup: Starting thread group... number=1 threads=1 ramp-up=1 delayedStart=false
2023-06-30 13:20:11,486 INFO o.a.j.t.ThreadGroup: Started thread group number 1
2023-06-30 13:20:11,486 INFO o.a.j.e.StandardJMeterEngine: All thread groups have been started
2023-06-30 13:20:11,487 INFO o.a.j.t.JMeterThread: Thread started: Thread Group- Erudex Validate User 1-1
2023-06-30 13:20:11,487 INFO o.a.j.s.FileServer: Stored: /Users/sreelekhakomarneni/Desktop/Selenium/TestData/indus_users_iit.csv
2023-06-30 13:20:13,432 INFO o.a.j.t.JMeterThread: Thread is done: Thread Group- Erudex Validate User 1-1
2023-06-30 13:20:13,432 INFO o.a.j.t.JMeterThread: Thread finished: Thread Group- Erudex Validate User 1-1
2023-06-30 13:20:13,433 INFO o.a.j.e.StandardJMeterEngine: Notifying test listeners of end of test
2023-06-30 13:20:13,434 INFO o.a.j.s.FileServer: Close: /Users/sreelekhakomarneni/Desktop/Selenium/TestData/indus_users_iit.csv
2023-06-30 13:20:13,434 INFO o.a.j.g.u.JMeterMenuBar: setRunning(false, *local*)
2023-06-30 13:23:29,356 INFO o.a.j.e.StandardJMeterEngine: Running the test!
2023-06-30 13:23:29,357 INFO o.a.j.s.SampleEvent: List of sample_variables: []
2023-06-30 13:23:29,357 INFO o.a.j.g.u.JMeterMenuBar: setRunning(true, *local*)
2023-06-30 13:23:29,420 INFO o.a.j.e.StandardJMeterEngine: Starting ThreadGroup: 1 : Thread Group- Erudex Validate User
2023-06-30 13:23:29,421 INFO o.a.j.e.StandardJMeterEngine: Starting 1 threads for group Thread Group- Erudex Validate User.
2023-06-30 13:23:29,421 INFO o.a.j.e.StandardJMeterEngine: Thread will continue on error
2023-06-30 13:23:29,421 INFO o.a.j.t.ThreadGroup: Starting thread group... number=1 threads=1 ramp-up=1 delayedStart=false
2023-06-30 13:23:29,421 INFO o.a.j.t.ThreadGroup: Started thread group number 1
2023-06-30 13:23:29,421 INFO o.a.j.e.StandardJMeterEngine: All thread groups have been started
2023-06-30 13:23:29,422 INFO o.a.j.t.JMeterThread: Thread started: Thread Group- Erudex Validate User 1-1
2023-06-30 13:23:29,422 INFO o.a.j.s.FileServer: Stored: /Users/sreelekhakomarneni/Desktop/Selenium/TestData/indus_users_iit.csv
2023-06-30 13:23:30,696 INFO o.a.j.t.JMeterThread: Thread is done: Thread Group- Erudex Validate User 1-1
2023-06-30 13:23:30,696 INFO o.a.j.t.JMeterThread: Thread finished: Thread Group- Erudex Validate User 1-1
2023-06-30 13:23:30,698 INFO o.a.j.e.StandardJMeterEngine: Notifying test listeners of end of test
2023-06-30 13:23:30,698 INFO o.a.j.s.FileServer: Close: /Users/sreelekhakomarneni/Desktop/Selenium/TestData/indus_users_iit.csv
2023-06-30 13:23:30,698 INFO o.a.j.g.u.JMeterMenuBar: setRunning(false, *local*)
2023-06-30 13:30:13,680 INFO o.a.j.e.StandardJMeterEngine: Running the test!
2023-06-30 13:30:13,681 INFO o.a.j.s.SampleEvent: List of sample_variables: []
2023-06-30 13:30:13,681 INFO o.a.j.g.u.JMeterMenuBar: setRunning(true, *local*)
2023-06-30 13:30:13,788 INFO o.a.j.e.StandardJMeterEngine: Starting ThreadGroup: 1 : Thread Group- Erudex Validate User
2023-06-30 13:30:13,788 INFO o.a.j.e.StandardJMeterEngine: Starting 1 threads for group Thread Group- Erudex Validate User.
2023-06-30 13:30:13,788 INFO o.a.j.e.StandardJMeterEngine: Thread will continue on error
2023-06-30 13:30:13,788 INFO o.a.j.t.ThreadGroup: Starting thread group... number=1 threads=1 ramp-up=1 delayedStart=false
2023-06-30 13:30:13,789 INFO o.a.j.t.ThreadGroup: Started thread group number 1
2023-06-30 13:30:13,789 INFO o.a.j.e.StandardJMeterEngine: All thread groups have been started
2023-06-30 13:30:13,789 INFO o.a.j.t.JMeterThread: Thread started: Thread Group- Erudex Validate User 1-1
2023-06-30 13:30:13,790 INFO o.a.j.s.FileServer: Stored: /Users/sreelekhakomarneni/Desktop/Selenium/TestData/indus_users_iit.csv
2023-06-30 13:30:15,133 INFO o.a.j.t.JMeterThread: Thread is done: Thread Group- Erudex Validate User 1-1
2023-06-30 13:30:15,133 INFO o.a.j.t.JMeterThread: Thread finished: Thread Group- Erudex Validate User 1-1
2023-06-30 13:30:15,134 INFO o.a.j.e.StandardJMeterEngine: Notifying test listeners of end of test
2023-06-30 13:30:15,134 INFO o.a.j.s.FileServer: Close: /Users/sreelekhakomarneni/Desktop/Selenium/TestData/indus_users_iit.csv
2023-06-30 13:30:15,135 INFO o.a.j.g.u.JMeterMenuBar: setRunning(false, *local*)
2023-06-30 13:37:27,827 INFO o.a.j.e.StandardJMeterEngine: Running the test!
2023-06-30 13:37:27,831 INFO o.a.j.s.SampleEvent: List of sample_variables: []
2023-06-30 13:37:27,833 INFO o.a.j.g.u.JMeterMenuBar: setRunning(true, *local*)
2023-06-30 13:37:28,047 INFO o.a.j.e.StandardJMeterEngine: Starting ThreadGroup: 1 : Thread Group- Erudex Validate User
2023-06-30 13:37:28,047 INFO o.a.j.e.StandardJMeterEngine: Starting 1 threads for group Thread Group- Erudex Validate User.
2023-06-30 13:37:28,047 INFO o.a.j.e.StandardJMeterEngine: Thread will continue on error
2023-06-30 13:37:28,048 INFO o.a.j.t.ThreadGroup: Starting thread group... number=1 threads=1 ramp-up=1 delayedStart=false
2023-06-30 13:37:28,048 INFO o.a.j.t.ThreadGroup: Started thread group number 1
2023-06-30 13:37:28,048 INFO o.a.j.e.StandardJMeterEngine: All thread groups have been started
2023-06-30 13:37:28,049 INFO o.a.j.t.JMeterThread: Thread started: Thread Group- Erudex Validate User 1-1
2023-06-30 13:37:28,049 INFO o.a.j.s.FileServer: Stored: /Users/sreelekhakomarneni/Desktop/Selenium/TestData/indus_users_iit.csv
2023-06-30 13:37:29,387 INFO o.a.j.t.JMeterThread: Thread is done: Thread Group- Erudex Validate User 1-1
2023-06-30 13:37:29,387 INFO o.a.j.t.JMeterThread: Thread finished: Thread Group- Erudex Validate User 1-1
2023-06-30 13:37:29,388 INFO o.a.j.e.StandardJMeterEngine: Notifying test listeners of end of test
2023-06-30 13:37:29,388 INFO o.a.j.s.FileServer: Close: /Users/sreelekhakomarneni/Desktop/Selenium/TestData/indus_users_iit.csv
2023-06-30 13:37:29,388 INFO o.a.j.g.u.JMeterMenuBar: setRunning(false, *local*)
2023-06-30 13:38:35,741 INFO o.a.j.e.StandardJMeterEngine: Running the test!
2023-06-30 13:38:35,741 INFO o.a.j.s.SampleEvent: List of sample_variables: []
2023-06-30 13:38:35,742 INFO o.a.j.g.u.JMeterMenuBar: setRunning(true, *local*)
2023-06-30 13:38:35,796 INFO o.a.j.e.StandardJMeterEngine: Starting ThreadGroup: 1 : Thread Group- Erudex Validate User
2023-06-30 13:38:35,796 INFO o.a.j.e.StandardJMeterEngine: Starting 1 threads for group Thread Group- Erudex Validate User.
2023-06-30 13:38:35,796 INFO o.a.j.e.StandardJMeterEngine: Thread will continue on error
2023-06-30 13:38:35,796 INFO o.a.j.t.ThreadGroup: Starting thread group... number=1 threads=1 ramp-up=1 delayedStart=false
2023-06-30 13:38:35,797 INFO o.a.j.t.ThreadGroup: Started thread group number 1
2023-06-30 13:38:35,797 INFO o.a.j.e.StandardJMeterEngine: All thread groups have been started
2023-06-30 13:38:35,797 INFO o.a.j.t.JMeterThread: Thread started: Thread Group- Erudex Validate User 1-1
2023-06-30 13:38:35,798 INFO o.a.j.s.FileServer: Stored: /Users/sreelekhakomarneni/Desktop/Selenium/TestData/indus_users_iit.csv
2023-06-30 13:38:36,944 INFO o.a.j.t.JMeterThread: Thread is done: Thread Group- Erudex Validate User 1-1
2023-06-30 13:38:36,944 INFO o.a.j.t.JMeterThread: Thread finished: Thread Group- Erudex Validate User 1-1
2023-06-30 13:38:36,945 INFO o.a.j.e.StandardJMeterEngine: Notifying test listeners of end of test
2023-06-30 13:38:36,945 INFO o.a.j.s.FileServer: Close: /Users/sreelekhakomarneni/Desktop/Selenium/TestData/indus_users_iit.csv
2023-06-30 13:38:36,945 INFO o.a.j.g.u.JMeterMenuBar: setRunning(false, *local*)
2023-06-30 13:38:58,813 INFO o.a.j.e.StandardJMeterEngine: Running the test!
2023-06-30 13:38:58,814 INFO o.a.j.s.SampleEvent: List of sample_variables: []
2023-06-30 13:38:58,814 INFO o.a.j.g.u.JMeterMenuBar: setRunning(true, *local*)
2023-06-30 13:38:58,865 INFO o.a.j.e.StandardJMeterEngine: Starting ThreadGroup: 1 : Thread Group- Erudex Validate User
2023-06-30 13:38:58,866 INFO o.a.j.e.StandardJMeterEngine: Starting 1 threads for group Thread Group- Erudex Validate User.
2023-06-30 13:38:58,866 INFO o.a.j.e.StandardJMeterEngine: Thread will continue on error
2023-06-30 13:38:58,866 INFO o.a.j.t.ThreadGroup: Starting thread group... number=1 threads=1 ramp-up=1 delayedStart=false
2023-06-30 13:38:58,866 INFO o.a.j.t.ThreadGroup: Started thread group number 1
2023-06-30 13:38:58,866 INFO o.a.j.e.StandardJMeterEngine: All thread groups have been started
2023-06-30 13:38:58,867 INFO o.a.j.t.JMeterThread: Thread started: Thread Group- Erudex Validate User 1-1
2023-06-30 13:38:58,867 INFO o.a.j.s.FileServer: Stored: /Users/sreelekhakomarneni/Desktop/Selenium/TestData/indus_users_iit.csv
2023-06-30 13:38:59,960 INFO o.a.j.t.JMeterThread: Thread is done: Thread Group- Erudex Validate User 1-1
2023-06-30 13:38:59,960 INFO o.a.j.t.JMeterThread: Thread finished: Thread Group- Erudex Validate User 1-1
2023-06-30 13:38:59,961 INFO o.a.j.e.StandardJMeterEngine: Notifying test listeners of end of test
2023-06-30 13:38:59,961 INFO o.a.j.s.FileServer: Close: /Users/sreelekhakomarneni/Desktop/Selenium/TestData/indus_users_iit.csv
2023-06-30 13:38:59,961 INFO o.a.j.g.u.JMeterMenuBar: setRunning(false, *local*)
2023-06-30 14:55:57,726 INFO o.a.j.e.StandardJMeterEngine: Running the test!
2023-06-30 14:55:57,733 INFO o.a.j.s.SampleEvent: List of sample_variables: []
2023-06-30 14:55:57,737 INFO o.a.j.g.u.JMeterMenuBar: setRunning(true, *local*)
2023-06-30 14:55:57,874 INFO o.a.j.e.StandardJMeterEngine: Starting ThreadGroup: 1 : Thread Group- Erudex Validate User
2023-06-30 14:55:57,875 INFO o.a.j.e.StandardJMeterEngine: Starting 1 threads for group Thread Group- Erudex Validate User.
2023-06-30 14:55:57,875 INFO o.a.j.e.StandardJMeterEngine: Thread will continue on error
2023-06-30 14:55:57,877 INFO o.a.j.t.ThreadGroup: Starting thread group... number=1 threads=1 ramp-up=1 delayedStart=false
2023-06-30 14:55:57,878 INFO o.a.j.t.ThreadGroup: Started thread group number 1
2023-06-30 14:55:57,878 INFO o.a.j.e.StandardJMeterEngine: All thread groups have been started
2023-06-30 14:55:57,879 INFO o.a.j.t.JMeterThread: Thread started: Thread Group- Erudex Validate User 1-1
2023-06-30 14:55:57,881 INFO o.a.j.s.FileServer: Stored: /Users/sreelekhakomarneni/Desktop/Selenium/TestData/indus_users_iit.csv
2023-06-30 14:55:59,526 ERROR o.a.j.e.j.j.JSONPostProcessor: Error processing JSON content in USER_ID JSON Extractor, message: json can not be null or empty
2023-06-30 14:55:59,526 INFO o.a.j.t.JMeterThread: Thread is done: Thread Group- Erudex Validate User 1-1
2023-06-30 14:55:59,526 INFO o.a.j.t.JMeterThread: Thread finished: Thread Group- Erudex Validate User 1-1
2023-06-30 14:55:59,527 INFO o.a.j.e.StandardJMeterEngine: Notifying test listeners of end of test
2023-06-30 14:55:59,527 INFO o.a.j.s.FileServer: Close: /Users/sreelekhakomarneni/Desktop/Selenium/TestData/indus_users_iit.csv
2023-06-30 14:55:59,527 INFO o.a.j.g.u.JMeterMenuBar: setRunning(false, *local*)
2023-06-30 14:58:15,091 INFO o.a.j.e.StandardJMeterEngine: Running the test!
2023-06-30 14:58:15,091 INFO o.a.j.s.SampleEvent: List of sample_variables: []
2023-06-30 14:58:15,092 INFO o.a.j.g.u.JMeterMenuBar: setRunning(true, *local*)
2023-06-30 14:58:15,154 INFO o.a.j.e.StandardJMeterEngine: Starting ThreadGroup: 1 : Thread Group- Erudex Validate User
2023-06-30 14:58:15,154 INFO o.a.j.e.StandardJMeterEngine: Starting 1 threads for group Thread Group- Erudex Validate User.
2023-06-30 14:58:15,154 INFO o.a.j.e.StandardJMeterEngine: Thread will continue on error
2023-06-30 14:58:15,154 INFO o.a.j.t.ThreadGroup: Starting thread group... number=1 threads=1 ramp-up=1 delayedStart=false
2023-06-30 14:58:15,154 INFO o.a.j.t.ThreadGroup: Started thread group number 1
2023-06-30 14:58:15,154 INFO o.a.j.e.StandardJMeterEngine: All thread groups have been started
2023-06-30 14:58:15,155 INFO o.a.j.t.JMeterThread: Thread started: Thread Group- Erudex Validate User 1-1
2023-06-30 14:58:15,156 INFO o.a.j.s.FileServer: Stored: /Users/sreelekhakomarneni/Desktop/Selenium/TestData/indus_users_iit.csv
2023-06-30 14:58:16,412 ERROR o.a.j.e.j.j.JSONPostProcessor: Error processing JSON content in USER_ID JSON Extractor, message: json can not be null or empty
2023-06-30 14:58:16,412 INFO o.a.j.t.JMeterThread: Thread is done: Thread Group- Erudex Validate User 1-1
2023-06-30 14:58:16,412 INFO o.a.j.t.JMeterThread: Thread finished: Thread Group- Erudex Validate User 1-1
2023-06-30 14:58:16,413 INFO o.a.j.e.StandardJMeterEngine: Notifying test listeners of end of test
2023-06-30 14:58:16,413 INFO o.a.j.s.FileServer: Close: /Users/sreelekhakomarneni/Desktop/Selenium/TestData/indus_users_iit.csv
2023-06-30 14:58:16,414 INFO o.a.j.g.u.JMeterMenuBar: setRunning(false, *local*)
2023-06-30 15:07:24,463 INFO o.a.j.e.StandardJMeterEngine: Running the test!
2023-06-30 15:07:24,463 INFO o.a.j.s.SampleEvent: List of sample_variables: []
2023-06-30 15:07:24,464 INFO o.a.j.g.u.JMeterMenuBar: setRunning(true, *local*)
2023-06-30 15:07:24,531 INFO o.a.j.e.StandardJMeterEngine: Starting ThreadGroup: 1 : Thread Group- Erudex Validate User
2023-06-30 15:07:24,531 INFO o.a.j.e.StandardJMeterEngine: Starting 1 threads for group Thread Group- Erudex Validate User.
2023-06-30 15:07:24,531 INFO o.a.j.e.StandardJMeterEngine: Thread will continue on error
2023-06-30 15:07:24,531 INFO o.a.j.t.ThreadGroup: Starting thread group... number=1 threads=1 ramp-up=1 delayedStart=false
2023-06-30 15:07:24,532 INFO o.a.j.t.ThreadGroup: Started thread group number 1
2023-06-30 15:07:24,532 INFO o.a.j.e.StandardJMeterEngine: All thread groups have been started
2023-06-30 15:07:24,532 INFO o.a.j.t.JMeterThread: Thread started: Thread Group- Erudex Validate User 1-1
2023-06-30 15:07:24,533 INFO o.a.j.s.FileServer: Stored: /Users/sreelekhakomarneni/Desktop/Selenium/TestData/indus_users_iit.csv
2023-06-30 15:07:25,128 ERROR o.a.j.e.j.j.JSONPostProcessor: Error processing JSON content in USER_ID JSON Extractor, message: json can not be null or empty
2023-06-30 15:07:25,129 INFO o.a.j.t.JMeterThread: Thread is done: Thread Group- Erudex Validate User 1-1
2023-06-30 15:07:25,129 INFO o.a.j.t.JMeterThread: Thread finished: Thread Group- Erudex Validate User 1-1
2023-06-30 15:07:25,129 INFO o.a.j.e.StandardJMeterEngine: Notifying test listeners of end of test
2023-06-30 15:07:25,129 INFO o.a.j.s.FileServer: Close: /Users/sreelekhakomarneni/Desktop/Selenium/TestData/indus_users_iit.csv
2023-06-30 15:07:25,130 INFO o.a.j.g.u.JMeterMenuBar: setRunning(false, *local*)
2023-06-30 15:09:20,708 INFO o.a.j.e.StandardJMeterEngine: Running the test!
2023-06-30 15:09:20,709 INFO o.a.j.s.SampleEvent: List of sample_variables: []
2023-06-30 15:09:20,709 INFO o.a.j.g.u.JMeterMenuBar: setRunning(true, *local*)
2023-06-30 15:09:20,770 INFO o.a.j.e.StandardJMeterEngine: Starting ThreadGroup: 1 : Thread Group- Erudex Validate User
2023-06-30 15:09:20,770 INFO o.a.j.e.StandardJMeterEngine: Starting 1 threads for group Thread Group- Erudex Validate User.
2023-06-30 15:09:20,770 INFO o.a.j.e.StandardJMeterEngine: Thread will continue on error
2023-06-30 15:09:20,771 INFO o.a.j.t.ThreadGroup: Starting thread group... number=1 threads=1 ramp-up=1 delayedStart=false
2023-06-30 15:09:20,771 INFO o.a.j.t.ThreadGroup: Started thread group number 1
2023-06-30 15:09:20,771 INFO o.a.j.e.StandardJMeterEngine: All thread groups have been started
2023-06-30 15:09:20,771 INFO o.a.j.t.JMeterThread: Thread started: Thread Group- Erudex Validate User 1-1
2023-06-30 15:09:20,772 INFO o.a.j.s.FileServer: Stored: /Users/sreelekhakomarneni/Desktop/Selenium/TestData/indus_users_iit.csv
2023-06-30 15:09:21,236 ERROR o.a.j.e.j.j.JSONPostProcessor: Error processing JSON content in USER_ID JSON Extractor, message: json can not be null or empty
2023-06-30 15:09:21,237 INFO o.a.j.t.JMeterThread: Thread is done: Thread Group- Erudex Validate User 1-1
2023-06-30 15:09:21,237 INFO o.a.j.t.JMeterThread: Thread finished: Thread Group- Erudex Validate User 1-1
2023-06-30 15:09:21,237 INFO o.a.j.e.StandardJMeterEngine: Notifying test listeners of end of test
2023-06-30 15:09:21,238 INFO o.a.j.s.FileServer: Close: /Users/sreelekhakomarneni/Desktop/Selenium/TestData/indus_users_iit.csv
2023-06-30 15:09:21,238 INFO o.a.j.g.u.JMeterMenuBar: setRunning(false, *local*)
2023-06-30 15:10:30,717 INFO o.a.j.e.StandardJMeterEngine: Running the test!
2023-06-30 15:10:30,720 INFO o.a.j.s.SampleEvent: List of sample_variables: []
2023-06-30 15:10:30,721 INFO o.a.j.g.u.JMeterMenuBar: setRunning(true, *local*)
2023-06-30 15:10:30,789 INFO o.a.j.e.StandardJMeterEngine: Starting ThreadGroup: 1 : Thread Group- Erudex Validate User
2023-06-30 15:10:30,789 INFO o.a.j.e.StandardJMeterEngine: Starting 1 threads for group Thread Group- Erudex Validate User.
2023-06-30 15:10:30,789 INFO o.a.j.e.StandardJMeterEngine: Thread will continue on error
2023-06-30 15:10:30,789 INFO o.a.j.t.ThreadGroup: Starting thread group... number=1 threads=1 ramp-up=1 delayedStart=false
2023-06-30 15:10:30,790 INFO o.a.j.t.ThreadGroup: Started thread group number 1
2023-06-30 15:10:30,790 INFO o.a.j.e.StandardJMeterEngine: All thread groups have been started
2023-06-30 15:10:30,790 INFO o.a.j.t.JMeterThread: Thread started: Thread Group- Erudex Validate User 1-1
2023-06-30 15:10:30,790 INFO o.a.j.s.FileServer: Stored: /Users/sreelekhakomarneni/Desktop/Selenium/TestData/indus_users_iit.csv
2023-06-30 15:10:31,349 ERROR o.a.j.e.j.j.JSONPostProcessor: Error processing JSON content in USER_ID JSON Extractor, message: json can not be null or empty
2023-06-30 15:10:31,349 INFO o.a.j.t.JMeterThread: Thread is done: Thread Group- Erudex Validate User 1-1
2023-06-30 15:10:31,350 INFO o.a.j.t.JMeterThread: Thread finished: Thread Group- Erudex Validate User 1-1
2023-06-30 15:10:31,350 INFO o.a.j.e.StandardJMeterEngine: Notifying test listeners of end of test
2023-06-30 15:10:31,350 INFO o.a.j.s.FileServer: Close: /Users/sreelekhakomarneni/Desktop/Selenium/TestData/indus_users_iit.csv
2023-06-30 15:10:31,351 INFO o.a.j.g.u.JMeterMenuBar: setRunning(false, *local*)
2023-06-30 15:15:23,709 INFO o.a.j.e.StandardJMeterEngine: Running the test!
2023-06-30 15:15:23,710 INFO o.a.j.s.SampleEvent: List of sample_variables: []
2023-06-30 15:15:23,710 INFO o.a.j.g.u.JMeterMenuBar: setRunning(true, *local*)
2023-06-30 15:15:23,852 INFO o.a.j.e.StandardJMeterEngine: Starting ThreadGroup: 1 : Thread Group- Erudex Validate User
2023-06-30 15:15:23,852 INFO o.a.j.e.StandardJMeterEngine: Starting 1 threads for group Thread Group- Erudex Validate User.
2023-06-30 15:15:23,852 INFO o.a.j.e.StandardJMeterEngine: Thread will continue on error
2023-06-30 15:15:23,852 INFO o.a.j.t.ThreadGroup: Starting thread group... number=1 threads=1 ramp-up=1 delayedStart=false
2023-06-30 15:15:23,853 INFO o.a.j.t.ThreadGroup: Started thread group number 1
2023-06-30 15:15:23,853 INFO o.a.j.e.StandardJMeterEngine: All thread groups have been started
2023-06-30 15:15:23,853 INFO o.a.j.t.JMeterThread: Thread started: Thread Group- Erudex Validate User 1-1
2023-06-30 15:15:23,853 INFO o.a.j.s.FileServer: Stored: /Users/sreelekhakomarneni/Desktop/Selenium/TestData/indus_users_iit.csv
2023-06-30 15:15:24,661 ERROR o.a.j.e.j.j.JSONPostProcessor: Error processing JSON content in USER_ID JSON Extractor, message: json can not be null or empty
2023-06-30 15:15:24,661 INFO o.a.j.t.JMeterThread: Thread is done: Thread Group- Erudex Validate User 1-1
2023-06-30 15:15:24,661 INFO o.a.j.t.JMeterThread: Thread finished: Thread Group- Erudex Validate User 1-1
2023-06-30 15:15:24,662 INFO o.a.j.e.StandardJMeterEngine: Notifying test listeners of end of test
2023-06-30 15:15:24,662 INFO o.a.j.s.FileServer: Close: /Users/sreelekhakomarneni/Desktop/Selenium/TestData/indus_users_iit.csv
2023-06-30 15:15:24,662 INFO o.a.j.g.u.JMeterMenuBar: setRunning(false, *local*)
2023-06-30 15:17:20,251 INFO o.a.j.e.StandardJMeterEngine: Running the test!
2023-06-30 15:17:20,254 INFO o.a.j.s.SampleEvent: List of sample_variables: []
2023-06-30 15:17:20,256 INFO o.a.j.g.u.JMeterMenuBar: setRunning(true, *local*)
2023-06-30 15:17:20,407 INFO o.a.j.e.StandardJMeterEngine: Starting ThreadGroup: 1 : Thread Group- Erudex Validate User
2023-06-30 15:17:20,407 INFO o.a.j.e.StandardJMeterEngine: Starting 1 threads for group Thread Group- Erudex Validate User.
2023-06-30 15:17:20,407 INFO o.a.j.e.StandardJMeterEngine: Thread will continue on error
2023-06-30 15:17:20,407 INFO o.a.j.t.ThreadGroup: Starting thread group... number=1 threads=1 ramp-up=1 delayedStart=false
2023-06-30 15:17:20,408 INFO o.a.j.t.ThreadGroup: Started thread group number 1
2023-06-30 15:17:20,408 INFO o.a.j.e.StandardJMeterEngine: All thread groups have been started
2023-06-30 15:17:20,408 INFO o.a.j.t.JMeterThread: Thread started: Thread Group- Erudex Validate User 1-1
2023-06-30 15:17:20,409 INFO o.a.j.s.FileServer: Stored: /Users/sreelekhakomarneni/Desktop/Selenium/TestData/indus_users_iit.csv
2023-06-30 15:17:21,105 ERROR o.a.j.e.j.j.JSONPostProcessor: Error processing JSON content in USER_ID JSON Extractor, message: json can not be null or empty
2023-06-30 15:17:21,105 INFO o.a.j.t.JMeterThread: Thread is done: Thread Group- Erudex Validate User 1-1
2023-06-30 15:17:21,105 INFO o.a.j.t.JMeterThread: Thread finished: Thread Group- Erudex Validate User 1-1
2023-06-30 15:17:21,106 INFO o.a.j.e.StandardJMeterEngine: Notifying test listeners of end of test
2023-06-30 15:17:21,106 INFO o.a.j.s.FileServer: Close: /Users/sreelekhakomarneni/Desktop/Selenium/TestData/indus_users_iit.csv
2023-06-30 15:17:21,106 INFO o.a.j.g.u.JMeterMenuBar: setRunning(false, *local*)
2023-06-30 15:19:31,490 INFO o.a.j.e.StandardJMeterEngine: Running the test!
2023-06-30 15:19:31,490 INFO o.a.j.s.SampleEvent: List of sample_variables: []
2023-06-30 15:19:31,491 INFO o.a.j.g.u.JMeterMenuBar: setRunning(true, *local*)
2023-06-30 15:19:31,544 INFO o.a.j.e.StandardJMeterEngine: Starting ThreadGroup: 1 : Thread Group- Erudex Validate User
2023-06-30 15:19:31,544 INFO o.a.j.e.StandardJMeterEngine: Starting 1 threads for group Thread Group- Erudex Validate User.
2023-06-30 15:19:31,544 INFO o.a.j.e.StandardJMeterEngine: Thread will continue on error
2023-06-30 15:19:31,544 INFO o.a.j.t.ThreadGroup: Starting thread group... number=1 threads=1 ramp-up=1 delayedStart=false
2023-06-30 15:19:31,545 INFO o.a.j.t.ThreadGroup: Started thread group number 1
2023-06-30 15:19:31,545 INFO o.a.j.e.StandardJMeterEngine: All thread groups have been started
2023-06-30 15:19:31,545 INFO o.a.j.t.JMeterThread: Thread started: Thread Group- Erudex Validate User 1-1
2023-06-30 15:19:31,545 INFO o.a.j.s.FileServer: Stored: /Users/sreelekhakomarneni/Desktop/Selenium/TestData/indus_users_iit.csv
2023-06-30 15:19:32,132 ERROR o.a.j.e.j.j.JSONPostProcessor: Error processing JSON content in USER_ID JSON Extractor, message: json can not be null or empty
2023-06-30 15:19:32,133 INFO o.a.j.t.JMeterThread: Thread is done: Thread Group- Erudex Validate User 1-1
2023-06-30 15:19:32,133 INFO o.a.j.t.JMeterThread: Thread finished: Thread Group- Erudex Validate User 1-1
2023-06-30 15:19:32,133 INFO o.a.j.e.StandardJMeterEngine: Notifying test listeners of end of test
2023-06-30 15:19:32,133 INFO o.a.j.s.FileServer: Close: /Users/sreelekhakomarneni/Desktop/Selenium/TestData/indus_users_iit.csv
2023-06-30 15:19:32,134 INFO o.a.j.g.u.JMeterMenuBar: setRunning(false, *local*)
2023-06-30 15:24:04,034 INFO o.a.j.e.StandardJMeterEngine: Running the test!
2023-06-30 15:24:04,039 INFO o.a.j.s.SampleEvent: List of sample_variables: []
2023-06-30 15:24:04,040 INFO o.a.j.g.u.JMeterMenuBar: setRunning(true, *local*)
2023-06-30 15:24:04,178 INFO o.a.j.e.StandardJMeterEngine: Starting ThreadGroup: 1 : Thread Group- Erudex Validate User
2023-06-30 15:24:04,178 INFO o.a.j.e.StandardJMeterEngine: Starting 1 threads for group Thread Group- Erudex Validate User.
2023-06-30 15:24:04,178 INFO o.a.j.e.StandardJMeterEngine: Thread will continue on error
2023-06-30 15:24:04,178 INFO o.a.j.t.ThreadGroup: Starting thread group... number=1 threads=1 ramp-up=1 delayedStart=false
2023-06-30 15:24:04,179 INFO o.a.j.t.ThreadGroup: Started thread group number 1
2023-06-30 15:24:04,179 INFO o.a.j.e.StandardJMeterEngine: All thread groups have been started
2023-06-30 15:24:04,180 INFO o.a.j.t.JMeterThread: Thread started: Thread Group- Erudex Validate User 1-1
2023-06-30 15:24:04,180 INFO o.a.j.s.FileServer: Stored: /Users/sreelekhakomarneni/Desktop/Selenium/TestData/indus_users_iit.csv
2023-06-30 15:24:05,024 ERROR o.a.j.e.j.j.JSONPostProcessor: Error processing JSON content in USER_ID JSON Extractor, message: json can not be null or empty
2023-06-30 15:24:05,024 INFO o.a.j.t.JMeterThread: Thread is done: Thread Group- Erudex Validate User 1-1
2023-06-30 15:24:05,024 INFO o.a.j.t.JMeterThread: Thread finished: Thread Group- Erudex Validate User 1-1
2023-06-30 15:24:05,025 INFO o.a.j.e.StandardJMeterEngine: Notifying test listeners of end of test
2023-06-30 15:24:05,025 INFO o.a.j.s.FileServer: Close: /Users/sreelekhakomarneni/Desktop/Selenium/TestData/indus_users_iit.csv
2023-06-30 15:24:05,025 INFO o.a.j.g.u.JMeterMenuBar: setRunning(false, *local*)
2023-06-30 15:31:37,929 INFO o.a.j.e.StandardJMeterEngine: Running the test!
2023-06-30 15:31:37,931 INFO o.a.j.s.SampleEvent: List of sample_variables: []
2023-06-30 15:31:37,931 INFO o.a.j.g.u.JMeterMenuBar: setRunning(true, *local*)
2023-06-30 15:31:37,995 INFO o.a.j.e.StandardJMeterEngine: Starting ThreadGroup: 1 : Thread Group- Erudex Validate User
2023-06-30 15:31:37,995 INFO o.a.j.e.StandardJMeterEngine: Starting 1 threads for group Thread Group- Erudex Validate User.
2023-06-30 15:31:37,995 INFO o.a.j.e.StandardJMeterEngine: Thread will continue on error
2023-06-30 15:31:37,995 INFO o.a.j.t.ThreadGroup: Starting thread group... number=1 threads=1 ramp-up=1 delayedStart=false
2023-06-30 15:31:37,995 INFO o.a.j.t.ThreadGroup: Started thread group number 1
2023-06-30 15:31:37,995 INFO o.a.j.e.StandardJMeterEngine: All thread groups have been started
2023-06-30 15:31:37,996 INFO o.a.j.t.JMeterThread: Thread started: Thread Group- Erudex Validate User 1-1
2023-06-30 15:31:37,996 INFO o.a.j.s.FileServer: Stored: /Users/sreelekhakomarneni/Desktop/Selenium/TestData/indus_users_iit.csv
2023-06-30 15:31:38,861 ERROR o.a.j.e.j.j.JSONPostProcessor: Error processing JSON content in USER_ID JSON Extractor, message: json can not be null or empty
2023-06-30 15:31:38,861 INFO o.a.j.t.JMeterThread: Thread is done: Thread Group- Erudex Validate User 1-1
2023-06-30 15:31:38,862 INFO o.a.j.t.JMeterThread: Thread finished: Thread Group- Erudex Validate User 1-1
2023-06-30 15:31:38,862 INFO o.a.j.e.StandardJMeterEngine: Notifying test listeners of end of test
2023-06-30 15:31:38,862 INFO o.a.j.s.FileServer: Close: /Users/sreelekhakomarneni/Desktop/Selenium/TestData/indus_users_iit.csv
2023-06-30 15:31:38,862 INFO o.a.j.g.u.JMeterMenuBar: setRunning(false, *local*)
2023-06-30 15:33:34,528 INFO o.a.j.e.StandardJMeterEngine: Running the test!
2023-06-30 15:33:34,531 INFO o.a.j.s.SampleEvent: List of sample_variables: []
2023-06-30 15:33:34,532 INFO o.a.j.g.u.JMeterMenuBar: setRunning(true, *local*)
2023-06-30 15:33:34,625 INFO o.a.j.e.StandardJMeterEngine: Starting ThreadGroup: 1 : Thread Group- Erudex Validate User
2023-06-30 15:33:34,626 INFO o.a.j.e.StandardJMeterEngine: Starting 1 threads for group Thread Group- Erudex Validate User.
2023-06-30 15:33:34,626 INFO o.a.j.e.StandardJMeterEngine: Thread will continue on error
2023-06-30 15:33:34,626 INFO o.a.j.t.ThreadGroup: Starting thread group... number=1 threads=1 ramp-up=1 delayedStart=false
2023-06-30 15:33:34,626 INFO o.a.j.t.ThreadGroup: Started thread group number 1
2023-06-30 15:33:34,626 INFO o.a.j.e.StandardJMeterEngine: All thread groups have been started
2023-06-30 15:33:34,627 INFO o.a.j.t.JMeterThread: Thread started: Thread Group- Erudex Validate User 1-1
2023-06-30 15:33:34,627 INFO o.a.j.s.FileServer: Stored: /Users/sreelekhakomarneni/Desktop/Selenium/TestData/indus_users_iit.csv
2023-06-30 15:33:35,338 ERROR o.a.j.e.j.j.JSONPostProcessor: Error processing JSON content in USER_ID JSON Extractor, message: json can not be null or empty
2023-06-30 15:33:35,338 INFO o.a.j.t.JMeterThread: Thread is done: Thread Group- Erudex Validate User 1-1
2023-06-30 15:33:35,338 INFO o.a.j.t.JMeterThread: Thread finished: Thread Group- Erudex Validate User 1-1
2023-06-30 15:33:35,339 INFO o.a.j.e.StandardJMeterEngine: Notifying test listeners of end of test
2023-06-30 15:33:35,339 INFO o.a.j.s.FileServer: Close: /Users/sreelekhakomarneni/Desktop/Selenium/TestData/indus_users_iit.csv
2023-06-30 15:33:35,339 INFO o.a.j.g.u.JMeterMenuBar: setRunning(false, *local*)
2023-06-30 15:43:37,938 INFO o.a.j.g.JMeterUIDefaults: Applying font scale factor: 1.1
2023-06-30 15:43:38,179 INFO o.a.j.g.JMeterUIDefaults: Applying font scale factor: 1.1
2023-06-30 15:43:48,410 INFO o.a.j.g.JMeterUIDefaults: Applying font scale factor: 1.21
2023-06-30 15:43:48,450 INFO o.a.j.g.JMeterUIDefaults: Applying font scale factor: 1.21
2023-06-30 15:44:21,544 INFO o.a.j.g.JMeterUIDefaults: Applying font scale factor: 1.1
2023-06-30 15:44:21,573 INFO o.a.j.g.JMeterUIDefaults: Applying font scale factor: 1.1
2023-06-30 15:46:03,038 INFO o.a.j.e.StandardJMeterEngine: Running the test!
2023-06-30 15:46:03,038 INFO o.a.j.s.SampleEvent: List of sample_variables: []
2023-06-30 15:46:03,038 INFO o.a.j.g.u.JMeterMenuBar: setRunning(true, *local*)
2023-06-30 15:46:03,133 INFO o.a.j.e.StandardJMeterEngine: Starting ThreadGroup: 1 : Thread Group- Erudex Validate User
2023-06-30 15:46:03,133 INFO o.a.j.e.StandardJMeterEngine: Starting 1 threads for group Thread Group- Erudex Validate User.
2023-06-30 15:46:03,133 INFO o.a.j.e.StandardJMeterEngine: Thread will continue on error
2023-06-30 15:46:03,133 INFO o.a.j.t.ThreadGroup: Starting thread group... number=1 threads=1 ramp-up=1 delayedStart=false
2023-06-30 15:46:03,134 INFO o.a.j.t.ThreadGroup: Started thread group number 1
2023-06-30 15:46:03,134 INFO o.a.j.e.StandardJMeterEngine: All thread groups have been started
2023-06-30 15:46:03,134 INFO o.a.j.t.JMeterThread: Thread started: Thread Group- Erudex Validate User 1-1
2023-06-30 15:46:03,134 INFO o.a.j.s.FileServer: Stored: /Users/sreelekhakomarneni/Desktop/Selenium/TestData/indus_users_iit.csv
2023-06-30 15:46:03,864 ERROR o.a.j.e.j.j.JSONPostProcessor: Error processing JSON content in USER_ID JSON Extractor, message: json can not be null or empty
2023-06-30 15:46:03,865 INFO o.a.j.t.JMeterThread: Thread is done: Thread Group- Erudex Validate User 1-1
2023-06-30 15:46:03,865 INFO o.a.j.t.JMeterThread: Thread finished: Thread Group- Erudex Validate User 1-1
2023-06-30 15:46:03,865 INFO o.a.j.e.StandardJMeterEngine: Notifying test listeners of end of test
2023-06-30 15:46:03,866 INFO o.a.j.s.FileServer: Close: /Users/sreelekhakomarneni/Desktop/Selenium/TestData/indus_users_iit.csv
2023-06-30 15:46:03,866 INFO o.a.j.g.u.JMeterMenuBar: setRunning(false, *local*)
2023-06-30 15:49:25,238 INFO o.a.j.e.StandardJMeterEngine: Running the test!
2023-06-30 15:49:25,239 INFO o.a.j.s.SampleEvent: List of sample_variables: []
2023-06-30 15:49:25,240 INFO o.a.j.g.u.JMeterMenuBar: setRunning(true, *local*)
2023-06-30 15:49:25,301 INFO o.a.j.e.StandardJMeterEngine: Starting ThreadGroup: 1 : Thread Group- Erudex Validate User
2023-06-30 15:49:25,302 INFO o.a.j.e.StandardJMeterEngine: Starting 1 threads for group Thread Group- Erudex Validate User.
2023-06-30 15:49:25,302 INFO o.a.j.e.StandardJMeterEngine: Thread will continue on error
2023-06-30 15:49:25,302 INFO o.a.j.t.ThreadGroup: Starting thread group... number=1 threads=1 ramp-up=1 delayedStart=false
2023-06-30 15:49:25,302 INFO o.a.j.t.ThreadGroup: Started thread group number 1
2023-06-30 15:49:25,302 INFO o.a.j.e.StandardJMeterEngine: All thread groups have been started
2023-06-30 15:49:25,302 INFO o.a.j.t.JMeterThread: Thread started: Thread Group- Erudex Validate User 1-1
2023-06-30 15:49:25,303 INFO o.a.j.s.FileServer: Stored: /Users/sreelekhakomarneni/Desktop/Selenium/TestData/indus_users_iit.csv
2023-06-30 15:49:26,349 ERROR o.a.j.e.j.j.JSONPostProcessor: Error processing JSON content in USER_ID JSON Extractor, message: json can not be null or empty
2023-06-30 15:49:26,350 INFO o.a.j.t.JMeterThread: Thread is done: Thread Group- Erudex Validate User 1-1
2023-06-30 15:49:26,350 INFO o.a.j.t.JMeterThread: Thread finished: Thread Group- Erudex Validate User 1-1
2023-06-30 15:49:26,350 INFO o.a.j.e.StandardJMeterEngine: Notifying test listeners of end of test
2023-06-30 15:49:26,350 INFO o.a.j.s.FileServer: Close: /Users/sreelekhakomarneni/Desktop/Selenium/TestData/indus_users_iit.csv
2023-06-30 15:49:26,351 INFO o.a.j.g.u.JMeterMenuBar: setRunning(false, *local*)
2023-06-30 15:58:56,515 INFO o.a.j.e.StandardJMeterEngine: Running the test!
2023-06-30 15:58:56,519 INFO o.a.j.s.SampleEvent: List of sample_variables: []
2023-06-30 15:58:56,520 INFO o.a.j.g.u.JMeterMenuBar: setRunning(true, *local*)
2023-06-30 15:58:56,664 INFO o.a.j.e.StandardJMeterEngine: Starting ThreadGroup: 1 : Thread Group- Erudex Validate User
2023-06-30 15:58:56,664 INFO o.a.j.e.StandardJMeterEngine: Starting 1 threads for group Thread Group- Erudex Validate User.
2023-06-30 15:58:56,664 INFO o.a.j.e.StandardJMeterEngine: Thread will continue on error
2023-06-30 15:58:56,665 INFO o.a.j.t.ThreadGroup: Starting thread group... number=1 threads=1 ramp-up=1 delayedStart=false
2023-06-30 15:58:56,665 INFO o.a.j.t.ThreadGroup: Started thread group number 1
2023-06-30 15:58:56,665 INFO o.a.j.e.StandardJMeterEngine: All thread groups have been started
2023-06-30 15:58:56,666 INFO o.a.j.t.JMeterThread: Thread started: Thread Group- Erudex Validate User 1-1
2023-06-30 15:58:56,667 INFO o.a.j.s.FileServer: Stored: /Users/sreelekhakomarneni/Desktop/Selenium/TestData/indus_users_iit.csv
2023-06-30 15:58:57,454 ERROR o.a.j.e.j.j.JSONPostProcessor: Error processing JSON content in USER_ID JSON Extractor, message: json can not be null or empty
2023-06-30 15:58:57,455 INFO o.a.j.t.JMeterThread: Thread is done: Thread Group- Erudex Validate User 1-1
2023-06-30 15:58:57,455 INFO o.a.j.t.JMeterThread: Thread finished: Thread Group- Erudex Validate User 1-1
2023-06-30 15:58:57,455 INFO o.a.j.e.StandardJMeterEngine: Notifying test listeners of end of test
2023-06-30 15:58:57,455 INFO o.a.j.s.FileServer: Close: /Users/sreelekhakomarneni/Desktop/Selenium/TestData/indus_users_iit.csv
2023-06-30 15:58:57,456 INFO o.a.j.g.u.JMeterMenuBar: setRunning(false, *local*)
2023-06-30 16:01:17,230 INFO o.a.j.e.StandardJMeterEngine: Running the test!
2023-06-30 16:01:17,231 INFO o.a.j.s.SampleEvent: List of sample_variables: []
2023-06-30 16:01:17,231 INFO o.a.j.g.u.JMeterMenuBar: setRunning(true, *local*)
2023-06-30 16:01:17,289 INFO o.a.j.e.StandardJMeterEngine: Starting ThreadGroup: 1 : Thread Group- Erudex Validate User
2023-06-30 16:01:17,289 INFO o.a.j.e.StandardJMeterEngine: Starting 1 threads for group Thread Group- Erudex Validate User.
2023-06-30 16:01:17,289 INFO o.a.j.e.StandardJMeterEngine: Thread will continue on error
2023-06-30 16:01:17,290 INFO o.a.j.t.ThreadGroup: Starting thread group... number=1 threads=1 ramp-up=1 delayedStart=false
2023-06-30 16:01:17,290 INFO o.a.j.t.ThreadGroup: Started thread group number 1
2023-06-30 16:01:17,290 INFO o.a.j.e.StandardJMeterEngine: All thread groups have been started
2023-06-30 16:01:17,290 INFO o.a.j.t.JMeterThread: Thread started: Thread Group- Erudex Validate User 1-1
2023-06-30 16:01:17,291 INFO o.a.j.s.FileServer: Stored: /Users/sreelekhakomarneni/Desktop/Selenium/TestData/indus_users_iit.csv
2023-06-30 16:01:18,011 ERROR o.a.j.e.j.j.JSONPostProcessor: Error processing JSON content in USER_ID JSON Extractor, message: json can not be null or empty
2023-06-30 16:01:18,011 INFO o.a.j.t.JMeterThread: Thread is done: Thread Group- Erudex Validate User 1-1
2023-06-30 16:01:18,011 INFO o.a.j.t.JMeterThread: Thread finished: Thread Group- Erudex Validate User 1-1
2023-06-30 16:01:18,012 INFO o.a.j.e.StandardJMeterEngine: Notifying test listeners of end of test
2023-06-30 16:01:18,012 INFO o.a.j.s.FileServer: Close: /Users/sreelekhakomarneni/Desktop/Selenium/TestData/indus_users_iit.csv
2023-06-30 16:01:18,012 INFO o.a.j.g.u.JMeterMenuBar: setRunning(false, *local*)
2023-06-30 16:11:26,705 INFO o.a.j.e.StandardJMeterEngine: Running the test!
2023-06-30 16:11:26,708 INFO o.a.j.s.SampleEvent: List of sample_variables: []
2023-06-30 16:11:26,709 INFO o.a.j.g.u.JMeterMenuBar: setRunning(true, *local*)
2023-06-30 16:11:26,935 INFO o.a.j.e.StandardJMeterEngine: Starting ThreadGroup: 1 : Thread Group- Erudex Validate User
2023-06-30 16:11:26,935 INFO o.a.j.e.StandardJMeterEngine: Starting 1 threads for group Thread Group- Erudex Validate User.
2023-06-30 16:11:26,935 INFO o.a.j.e.StandardJMeterEngine: Thread will continue on error
2023-06-30 16:11:26,935 INFO o.a.j.t.ThreadGroup: Starting thread group... number=1 threads=1 ramp-up=1 delayedStart=false
2023-06-30 16:11:26,936 INFO o.a.j.t.ThreadGroup: Started thread group number 1
2023-06-30 16:11:26,936 INFO o.a.j.e.StandardJMeterEngine: All thread groups have been started
2023-06-30 16:11:26,936 INFO o.a.j.t.JMeterThread: Thread started: Thread Group- Erudex Validate User 1-1
2023-06-30 16:11:26,937 INFO o.a.j.s.FileServer: Stored: /Users/sreelekhakomarneni/Desktop/Selenium/TestData/indus_users_iit.csv
2023-06-30 16:11:29,373 ERROR o.a.j.e.j.j.JSONPostProcessor: Error processing JSON content in USER_ID JSON Extractor, message: json can not be null or empty
2023-06-30 16:11:29,374 INFO o.a.j.t.JMeterThread: Thread is done: Thread Group- Erudex Validate User 1-1
2023-06-30 16:11:29,374 INFO o.a.j.t.JMeterThread: Thread finished: Thread Group- Erudex Validate User 1-1
2023-06-30 16:11:29,375 INFO o.a.j.e.StandardJMeterEngine: Notifying test listeners of end of test
2023-06-30 16:11:29,375 INFO o.a.j.s.FileServer: Close: /Users/sreelekhakomarneni/Desktop/Selenium/TestData/indus_users_iit.csv
2023-06-30 16:11:29,375 INFO o.a.j.g.u.JMeterMenuBar: setRunning(false, *local*)
2023-06-30 16:11:30,555 INFO o.a.j.e.StandardJMeterEngine: Running the test!
2023-06-30 16:11:30,555 INFO o.a.j.s.SampleEvent: List of sample_variables: []
2023-06-30 16:11:30,556 INFO o.a.j.g.u.JMeterMenuBar: setRunning(true, *local*)
2023-06-30 16:11:30,618 INFO o.a.j.e.StandardJMeterEngine: Starting ThreadGroup: 1 : Thread Group- Erudex Validate User
2023-06-30 16:11:30,618 INFO o.a.j.e.StandardJMeterEngine: Starting 1 threads for group Thread Group- Erudex Validate User.
2023-06-30 16:11:30,618 INFO o.a.j.e.StandardJMeterEngine: Thread will continue on error
2023-06-30 16:11:30,618 INFO o.a.j.t.ThreadGroup: Starting thread group... number=1 threads=1 ramp-up=1 delayedStart=false
2023-06-30 16:11:30,618 INFO o.a.j.t.ThreadGroup: Started thread group number 1
2023-06-30 16:11:30,618 INFO o.a.j.e.StandardJMeterEngine: All thread groups have been started
2023-06-30 16:11:30,619 INFO o.a.j.t.JMeterThread: Thread started: Thread Group- Erudex Validate User 1-1
2023-06-30 16:11:30,619 INFO o.a.j.s.FileServer: Stored: /Users/sreelekhakomarneni/Desktop/Selenium/TestData/indus_users_iit.csv
2023-06-30 16:11:31,938 ERROR o.a.j.e.j.j.JSONPostProcessor: Error processing JSON content in USER_ID JSON Extractor, message: json can not be null or empty
2023-06-30 16:11:31,938 INFO o.a.j.t.JMeterThread: Thread is done: Thread Group- Erudex Validate User 1-1
2023-06-30 16:11:31,938 INFO o.a.j.t.JMeterThread: Thread finished: Thread Group- Erudex Validate User 1-1
2023-06-30 16:11:31,939 INFO o.a.j.e.StandardJMeterEngine: Notifying test listeners of end of test
2023-06-30 16:11:31,939 INFO o.a.j.s.FileServer: Close: /Users/sreelekhakomarneni/Desktop/Selenium/TestData/indus_users_iit.csv
2023-06-30 16:11:31,939 INFO o.a.j.g.u.JMeterMenuBar: setRunning(false, *local*)
2023-06-30 21:23:50,664 INFO o.a.j.g.JMeterUIDefaults: Applying font scale factor: 0.9090909
2023-06-30 21:23:50,757 INFO o.a.j.g.JMeterUIDefaults: Applying font scale factor: 0.9090909
